[2023-06-05 21:53:02] [ INFO ] [PacienteDAOH2:30] Iniciando la operacion de guardado de un Paciente
[2023-06-05 21:53:20] [ INFO ] [PacienteDAOH2:30] Iniciando la operacion de guardado de un Paciente
[2023-06-05 21:53:40] [ INFO ] [PacienteDAOH2:161] Inicializando la operación de actualización de datos
[2023-06-05 21:55:17] [ INFO ] [PacienteDAOH2:30] Iniciando la operacion de guardado de un Paciente
[2023-06-05 21:55:36] [ INFO ] [PacienteDAOH2:161] Inicializando la operación de actualización de datos
[2023-06-05 21:56:20] [ INFO ] [PacienteDAOH2:161] Inicializando la operación de actualización de datos
[2023-06-05 21:56:57] [ INFO ] [PacienteDAOH2:161] Inicializando la operación de actualización de datos
[2023-06-12 23:02:27] [ INFO ] [PacienteDAOH2:26] Iniciando la operacion de guardado de un Paciente
[2023-06-12 23:04:42] [ INFO ] [PacienteDAOH2:26] Iniciando la operacion de guardado de un Paciente
[2023-06-12 23:04:45] [ INFO ] [PacienteDAOH2:26] Iniciando la operacion de guardado de un Paciente
[2023-06-12 23:08:13] [ INFO ] [PacienteDAOH2:154] Inicializando la operación de actualización de datos
[2023-06-12 23:09:20] [ INFO ] [PacienteDAOH2:26] Iniciando la operacion de guardado de un Paciente
[2023-06-12 23:09:36] [ INFO ] [PacienteDAOH2:26] Iniciando la operacion de guardado de un Paciente
[2023-06-12 23:10:34] [ INFO ] [PacienteDAOH2:26] Iniciando la operacion de guardado de un Paciente
[2023-06-12 23:10:37] [ INFO ] [PacienteDAOH2:26] Iniciando la operacion de guardado de un Paciente
[2023-06-12 23:10:38] [ INFO ] [PacienteDAOH2:26] Iniciando la operacion de guardado de un Paciente
[2023-06-12 23:10:39] [ INFO ] [PacienteDAOH2:26] Iniciando la operacion de guardado de un Paciente
[2023-06-12 23:10:39] [ INFO ] [PacienteDAOH2:26] Iniciando la operacion de guardado de un Paciente
[2023-06-12 23:10:40] [ INFO ] [PacienteDAOH2:26] Iniciando la operacion de guardado de un Paciente
[2023-06-12 23:10:40] [ INFO ] [PacienteDAOH2:26] Iniciando la operacion de guardado de un Paciente
[2023-06-12 23:11:20] [ INFO ] [PacienteDAOH2:26] Iniciando la operacion de guardado de un Paciente
[2023-06-12 23:11:35] [ INFO ] [PacienteDAOH2:26] Iniciando la operacion de guardado de un Paciente
[2023-06-12 23:11:38] [ INFO ] [PacienteDAOH2:26] Iniciando la operacion de guardado de un Paciente
[2023-06-12 23:11:39] [ INFO ] [PacienteDAOH2:26] Iniciando la operacion de guardado de un Paciente
[2023-06-12 23:11:48] [ INFO ] [PacienteDAOH2:154] Inicializando la operación de actualización de datos
[2023-06-12 23:14:43] [ INFO ] [PacienteDAOH2:26] Iniciando la operacion de guardado de un Paciente
[2023-06-12 23:15:02] [ INFO ] [PacienteDAOH2:26] Iniciando la operacion de guardado de un Paciente
[2023-06-12 23:15:18] [ INFO ] [PacienteDAOH2:26] Iniciando la operacion de guardado de un Paciente
[2023-06-12 23:16:25] [ INFO ] [PacienteDAOH2:154] Inicializando la operación de actualización de datos
[2023-06-12 23:22:54] [ INFO ] [PacienteDAOH2:26] Iniciando la operacion de guardado de un Paciente
[2023-06-12 23:22:55] [ INFO ] [PacienteDAOH2:26] Iniciando la operacion de guardado de un Paciente
[2023-06-12 23:22:56] [ INFO ] [PacienteDAOH2:26] Iniciando la operacion de guardado de un Paciente
[2023-06-12 23:23:24] [ INFO ] [PacienteDAOH2:26] Iniciando la operacion de guardado de un Paciente
[2023-06-12 23:23:25] [ INFO ] [PacienteDAOH2:26] Iniciando la operacion de guardado de un Paciente
[2023-06-12 23:23:26] [ INFO ] [PacienteDAOH2:26] Iniciando la operacion de guardado de un Paciente
[2023-06-12 23:23:27] [ INFO ] [PacienteDAOH2:26] Iniciando la operacion de guardado de un Paciente
[2023-06-12 23:24:57] [ INFO ] [PacienteDAOH2:154] Inicializando la operación de actualización de datos
[2023-06-12 23:32:11] [ INFO ] [PacienteDAOH2:154] Inicializando la operación de actualización de datos
[2023-06-12 23:32:20] [ INFO ] [PacienteDAOH2:154] Inicializando la operación de actualización de datos
[2023-06-12 23:42:12] [ INFO ] [PacienteDAOH2:154] Inicializando la operación de actualización de datos
[2023-06-12 23:42:26] [ INFO ] [PacienteDAOH2:154] Inicializando la operación de actualización de datos
[2023-06-12 23:43:12] [ INFO ] [PacienteDAOH2:26] Iniciando la operacion de guardado de un Paciente
[2023-06-12 23:43:18] [ INFO ] [PacienteDAOH2:26] Iniciando la operacion de guardado de un Paciente
[2023-06-12 23:43:22] [ INFO ] [PacienteDAOH2:26] Iniciando la operacion de guardado de un Paciente
[2023-06-12 23:43:37] [ INFO ] [PacienteDAOH2:154] Inicializando la operación de actualización de datos
[2023-06-12 23:51:06] [ INFO ] [PacienteDAOH2:26] Iniciando la operacion de guardado de un Paciente
[2023-06-12 23:51:10] [ INFO ] [PacienteDAOH2:26] Iniciando la operacion de guardado de un Paciente
[2023-06-12 23:51:11] [ INFO ] [PacienteDAOH2:26] Iniciando la operacion de guardado de un Paciente
[2023-06-12 23:51:16] [ INFO ] [PacienteDAOH2:154] Inicializando la operación de actualización de datos
[2023-06-12 23:51:26] [ INFO ] [PacienteDAOH2:154] Inicializando la operación de actualización de datos
[2023-06-13 00:01:51] [ INFO ] [PacienteDAOH2:26] Iniciando la operacion de guardado de un Paciente
[2023-06-13 00:01:52] [ INFO ] [PacienteDAOH2:26] Iniciando la operacion de guardado de un Paciente
[2023-06-13 00:01:53] [ INFO ] [PacienteDAOH2:26] Iniciando la operacion de guardado de un Paciente
[2023-06-13 00:02:02] [ INFO ] [PacienteDAOH2:154] Inicializando la operación de actualización de datos
[2023-06-13 00:08:57] [ INFO ] [PacienteDAOH2:26] Iniciando la operacion de guardado de un Paciente
[2023-06-13 00:08:58] [ INFO ] [PacienteDAOH2:26] Iniciando la operacion de guardado de un Paciente
[2023-06-13 00:08:59] [ INFO ] [PacienteDAOH2:26] Iniciando la operacion de guardado de un Paciente
[2023-06-13 00:09:03] [ INFO ] [PacienteDAOH2:154] Inicializando la operación de actualización de datos
[2023-06-13 00:21:58] [ INFO ] [PacienteDAOH2:154] Inicializando la operación de actualización de datos
[2023-06-13 00:22:22] [ INFO ] [PacienteDAOH2:26] Iniciando la operacion de guardado de un Paciente
[2023-06-13 00:22:23] [ INFO ] [PacienteDAOH2:26] Iniciando la operacion de guardado de un Paciente
[2023-06-13 00:22:24] [ INFO ] [PacienteDAOH2:26] Iniciando la operacion de guardado de un Paciente
[2023-06-13 00:22:27] [ INFO ] [PacienteDAOH2:154] Inicializando la operación de actualización de datos
[2023-06-13 00:22:27] [ INFO ] [DomicilioDAOH2:73] Iniciando la operación de actualización de domicilio
[2023-06-13 00:24:59] [ INFO ] [PacienteDAOH2:26] Iniciando la operacion de guardado de un Paciente
[2023-06-13 00:25:00] [ INFO ] [PacienteDAOH2:26] Iniciando la operacion de guardado de un Paciente
[2023-06-13 00:25:01] [ INFO ] [PacienteDAOH2:26] Iniciando la operacion de guardado de un Paciente
[2023-06-13 00:25:04] [ INFO ] [PacienteDAOH2:154] Inicializando la operación de actualización de datos
[2023-06-13 00:25:04] [ INFO ] [DomicilioDAOH2:73] Iniciando la operación de actualización de domicilio
[2023-06-13 00:25:55] [ INFO ] [PacienteDAOH2:26] Iniciando la operacion de guardado de un Paciente
[2023-06-13 00:25:56] [ INFO ] [PacienteDAOH2:26] Iniciando la operacion de guardado de un Paciente
[2023-06-13 00:25:57] [ INFO ] [PacienteDAOH2:26] Iniciando la operacion de guardado de un Paciente
[2023-06-13 00:25:59] [ INFO ] [PacienteDAOH2:154] Inicializando la operación de actualización de datos
[2023-06-13 00:25:59] [ INFO ] [DomicilioDAOH2:73] Iniciando la operación de actualización de domicilio
[2023-06-13 00:28:19] [ INFO ] [PacienteDAOH2:26] Iniciando la operacion de guardado de un Paciente
[2023-06-13 00:28:20] [ INFO ] [PacienteDAOH2:26] Iniciando la operacion de guardado de un Paciente
[2023-06-13 00:28:21] [ INFO ] [PacienteDAOH2:26] Iniciando la operacion de guardado de un Paciente
[2023-06-13 00:28:24] [ INFO ] [PacienteDAOH2:154] Inicializando la operación de actualización de datos
[2023-06-13 00:28:24] [ INFO ] [DomicilioDAOH2:73] Iniciando la operación de actualización de domicilio
[2023-06-13 00:30:01] [ INFO ] [PacienteDAOH2:154] Inicializando la operación de actualización de datos
[2023-06-13 00:30:01] [ INFO ] [DomicilioDAOH2:73] Iniciando la operación de actualización de domicilio
[2023-06-18 03:29:06] [ INFO ] [PacienteService:21] iniciando el cargado de un paciente
